c:\users\tudor\desktop\facultate\anul 2\sem2\p_poo\net_interface\x64\debug\net_interface.pdb
c:\users\tudor\desktop\facultate\anul 2\sem2\p_poo\net_interface\x64\debug\net_interface.idb
c:\users\tudor\desktop\facultate\anul 2\sem2\p_poo\net_interface\net_interface\x64\debug\message_net.obj
c:\users\tudor\desktop\facultate\anul 2\sem2\p_poo\net_interface\x64\debug\net_interface.lib
c:\users\tudor\desktop\facultate\anul 2\sem2\p_poo\net_interface\x64\debug\net_interface.exe
c:\users\tudor\desktop\facultate\anul 2\sem2\p_poo\net_interface\net_interface\x64\debug\net_interface.ilk
c:\users\tudor\desktop\facultate\anul 2\sem2\p_poo\net_interface\net_interface\x64\debug\source.obj
c:\users\tudor\desktop\facultate\anul 2\sem2\p_poo\net_interface\net_interface\x64\debug\vc143.idb
c:\users\tudor\desktop\facultate\anul 2\sem2\p_poo\net_interface\net_interface\x64\debug\vc143.pdb
c:\users\tudor\desktop\facultate\anul 2\sem2\p_poo\net_interface\net_interface\x64\debug\net_interface.tlog\cl.command.1.tlog
c:\users\tudor\desktop\facultate\anul 2\sem2\p_poo\net_interface\net_interface\x64\debug\net_interface.tlog\cl.read.1.tlog
c:\users\tudor\desktop\facultate\anul 2\sem2\p_poo\net_interface\net_interface\x64\debug\net_interface.tlog\cl.write.1.tlog
c:\users\tudor\desktop\facultate\anul 2\sem2\p_poo\net_interface\net_interface\x64\debug\net_interface.tlog\lib-link.read.1.tlog
c:\users\tudor\desktop\facultate\anul 2\sem2\p_poo\net_interface\net_interface\x64\debug\net_interface.tlog\lib-link.write.1.tlog
c:\users\tudor\desktop\facultate\anul 2\sem2\p_poo\net_interface\net_interface\x64\debug\net_interface.tlog\lib.command.1.tlog
c:\users\tudor\desktop\facultate\anul 2\sem2\p_poo\net_interface\net_interface\x64\debug\net_interface.tlog\link.9376-cvtres.read.1.tlog
c:\users\tudor\desktop\facultate\anul 2\sem2\p_poo\net_interface\net_interface\x64\debug\net_interface.tlog\link.9376-cvtres.write.1.tlog
c:\users\tudor\desktop\facultate\anul 2\sem2\p_poo\net_interface\net_interface\x64\debug\net_interface.tlog\link.9376-rc.read.1.tlog
c:\users\tudor\desktop\facultate\anul 2\sem2\p_poo\net_interface\net_interface\x64\debug\net_interface.tlog\link.9376-rc.write.1.tlog
c:\users\tudor\desktop\facultate\anul 2\sem2\p_poo\net_interface\net_interface\x64\debug\net_interface.tlog\link.9376.read.1.tlog
c:\users\tudor\desktop\facultate\anul 2\sem2\p_poo\net_interface\net_interface\x64\debug\net_interface.tlog\link.9376.read.2.tlog
c:\users\tudor\desktop\facultate\anul 2\sem2\p_poo\net_interface\net_interface\x64\debug\net_interface.tlog\link.9376.write.1.tlog
c:\users\tudor\desktop\facultate\anul 2\sem2\p_poo\net_interface\net_interface\x64\debug\net_interface.tlog\link.command.1.tlog
c:\users\tudor\desktop\facultate\anul 2\sem2\p_poo\net_interface\net_interface\x64\debug\net_interface.tlog\link.read.1.tlog
c:\users\tudor\desktop\facultate\anul 2\sem2\p_poo\net_interface\net_interface\x64\debug\net_interface.tlog\link.write.1.tlog
